 Initialization time:   85.450 seconds

 Initialization time:   85.486 seconds

 Initialization time:   85.490 seconds

 Initialization time:   85.486 seconds

 Initialization time:   85.489 seconds

 Initialization time:   85.486 seconds

 Initialization time:   85.489 seconds

 Initialization time:   85.486 seconds

 Initialization time:   85.494 seconds

 Initialization time:   85.485 seconds

 Initialization time:   85.488 seconds

 Initialization time:   85.480 seconds

 Initialization time:   85.485 seconds

 Initialization time:   85.488 seconds

 Initialization time:   85.480 seconds

 Initialization time:   85.482 seconds

 Initialization time:   85.453 seconds

 Initialization time:   85.476 seconds

 Initialization time:   85.450 seconds

 Initialization time:   85.473 seconds

 Initialization time:   85.473 seconds

 Initialization time:   85.462 seconds

 Initialization time:   85.466 seconds

 Initialization time:   85.459 seconds

 Initialization time:   85.467 seconds

 Initialization time:   85.454 seconds

 Initialization time:   85.453 seconds

 Initialization time:   85.458 seconds

 Initialization time:   85.450 seconds

 Initialization time:   85.449 seconds

 Initialization time:   85.450 seconds


------------------------------------------------------------
Sender: LSF System <lsfadmin@tellico-compute0>
Subject: Job 19643: <mesh_> in cluster <tellico> Done

Job <mesh_> was submitted from host <tellico-master1> by user <leobardovalera> in cluster <tellico> at Fri Jun 26 10:07:22 2020
Job was executed on host(s) <tellico-compute0>, in queue <normal>, as user <leobardovalera> in cluster <tellico> at Fri Jun 26 10:07:22 2020
</home/leobardovalera> was used as the home directory.
</home/leobardovalera/experiments> was used as the working directory.
Started at Fri Jun 26 10:07:22 2020
Terminated at Fri Jun 26 11:41:46 2020
Results reported at Fri Jun 26 11:41:46 2020

Your job looked like:

------------------------------------------------------------
# LSBATCH: User input
#!/bin/bash
#BSUB -n 1
#BSUB -J mesh_
###BSUB -x
###BSUB -R "span[hosts=1]"
#BSUB -o /home/leobardovalera/experiments/mesh_%J.out
#BSUB -e /home/leobardovalera/experiments/mesh_%J.err
##BSUB -W 1:00

export OMP_NUM_THREADS=4
mpiexec -n 32 ~/fds/Build/mpi_gnu_linux_64/fds_mpi_gnu_linux_64 FDSPROG_1_[400,600]x[400,600]_PC_0_Rampa31_0_T_10.0_DT_0.01.fds
------------------------------------------------------------

Successfully completed.

Resource usage summary:

    CPU time :                                   303060.72 sec.
    Max Memory :                                 37153 MB
    Average Memory :                             35705.64 MB
    Total Requested Memory :                     -
    Delta Memory :                               -
    Max Swap :                                   -
    Max Processes :                              36
    Max Threads :                                201
    Run time :                                   5664 sec.
    Turnaround time :                            5664 sec.

The output (if any) is above this job summary.



PS:

Read file </home/leobardovalera/experiments/mesh_19643.err> for stderr output of this job.

