 Initialization time:   55.636 seconds

 Initialization time:   55.629 seconds

 Initialization time:   55.636 seconds

 Initialization time:   55.632 seconds

 Initialization time:   55.643 seconds

 Initialization time:   55.637 seconds

 Initialization time:   55.641 seconds

 Initialization time:   55.637 seconds

 Initialization time:   55.641 seconds

 Initialization time:   55.637 seconds

 Initialization time:   55.641 seconds

 Initialization time:   55.636 seconds

 Initialization time:   55.636 seconds

 Initialization time:   55.624 seconds

 Initialization time:   55.631 seconds


------------------------------------------------------------
Sender: LSF System <lsfadmin@tellico-compute1>
Subject: Job 18926: <mesh_> in cluster <tellico> Done

Job <mesh_> was submitted from host <tellico-master1> by user <leobardovalera> in cluster <tellico> at Wed Jun 17 11:48:09 2020
Job was executed on host(s) <tellico-compute1>, in queue <normal>, as user <leobardovalera> in cluster <tellico> at Wed Jun 17 11:48:09 2020
</home/leobardovalera> was used as the home directory.
</home/leobardovalera/experiments> was used as the working directory.
Started at Wed Jun 17 11:48:09 2020
Terminated at Wed Jun 17 14:26:29 2020
Results reported at Wed Jun 17 14:26:29 2020

Your job looked like:

------------------------------------------------------------
# LSBATCH: User input
#!/bin/bash
#BSUB -n 1
#BSUB -J mesh_
###BSUB -x
###BSUB -R "span[hosts=1]"
#BSUB -o /home/leobardovalera/experiments/mesh_%J.out
#BSUB -e /home/leobardovalera/experiments/mesh_%J.err
##BSUB -W 1:00

export OMP_NUM_THREADS=4
mpiexec -n 16 ~/fds/Build/mpi_gnu_linux_64/fds_mpi_gnu_linux_64 FDSPROG_4m.fds

------------------------------------------------------------

Successfully completed.

Resource usage summary:

    CPU time :                                   286945.97 sec.
    Max Memory :                                 24455 MB
    Average Memory :                             24054.24 MB
    Total Requested Memory :                     -
    Delta Memory :                               -
    Max Swap :                                   -
    Max Processes :                              20
    Max Threads :                                105
    Run time :                                   9499 sec.
    Turnaround time :                            9500 sec.

The output (if any) is above this job summary.



PS:

Read file </home/leobardovalera/experiments/mesh_18926.err> for stderr output of this job.

