 Initialization time:   24.821 seconds

 Initialization time:   24.769 seconds

 Initialization time:   24.821 seconds

 Initialization time:   24.816 seconds

 Initialization time:   24.820 seconds

 Initialization time:   24.819 seconds

 Initialization time:   24.770 seconds

 Initialization time:   24.813 seconds

 Initialization time:   24.820 seconds

 Initialization time:   24.807 seconds

 Initialization time:   24.805 seconds

 Initialization time:   24.798 seconds

 Initialization time:   24.800 seconds

 Initialization time:   24.784 seconds

 Initialization time:   24.786 seconds

 Initialization time:   24.790 seconds

 Initialization time:   24.783 seconds

 Initialization time:   24.781 seconds

 Initialization time:   24.779 seconds

 Initialization time:   24.767 seconds

 Initialization time:   24.767 seconds

 Initialization time:   24.762 seconds

 Initialization time:   24.768 seconds

 Initialization time:   24.762 seconds

 Initialization time:   24.762 seconds

 Initialization time:   24.758 seconds

 Initialization time:   24.754 seconds

 Initialization time:   24.756 seconds

 Initialization time:   24.752 seconds

 Initialization time:   24.748 seconds

 Initialization time:   24.747 seconds


------------------------------------------------------------
Sender: LSF System <lsfadmin@tellico-compute0>
Subject: Job 19089: <mesh_> in cluster <tellico> Done

Job <mesh_> was submitted from host <tellico-master1> by user <leobardovalera> in cluster <tellico> at Mon Jun 22 11:40:37 2020
Job was executed on host(s) <tellico-compute0>, in queue <normal>, as user <leobardovalera> in cluster <tellico> at Mon Jun 22 11:40:39 2020
</home/leobardovalera> was used as the home directory.
</home/leobardovalera/experiments> was used as the working directory.
Started at Mon Jun 22 11:40:39 2020
Terminated at Mon Jun 22 11:42:40 2020
Results reported at Mon Jun 22 11:42:40 2020

Your job looked like:

------------------------------------------------------------
# LSBATCH: User input
#!/bin/bash
#BSUB -n 1
#BSUB -J mesh_
###BSUB -x
###BSUB -R "span[hosts=1]"
#BSUB -o /home/leobardovalera/experiments/mesh_%J.out
#BSUB -e /home/leobardovalera/experiments/mesh_%J.err
##BSUB -W 1:00

export OMP_NUM_THREADS=4
mpiexec -n 32 ~/fds/Build/mpi_gnu_linux_64/fds_mpi_gnu_linux_64 FDSPROG_1_[450,550]x[450,550]_PC_0_Rampa31_0.fds
------------------------------------------------------------

Successfully completed.

Resource usage summary:

    CPU time :                                   6228.46 sec.
    Max Memory :                                 6175 MB
    Average Memory :                             4962.47 MB
    Total Requested Memory :                     -
    Delta Memory :                               -
    Max Swap :                                   30 MB
    Max Processes :                              36
    Max Threads :                                201
    Run time :                                   120 sec.
    Turnaround time :                            123 sec.

The output (if any) is above this job summary.



PS:

Read file </home/leobardovalera/experiments/mesh_19089.err> for stderr output of this job.

