 Initialization time:   25.346 seconds

 Initialization time:   25.349 seconds

 Initialization time:   25.334 seconds

 Initialization time:   25.359 seconds

 Initialization time:   25.345 seconds

 Initialization time:   25.343 seconds

 Initialization time:   25.347 seconds

 Initialization time:   25.308 seconds

 Initialization time:   25.304 seconds

 Initialization time:   25.357 seconds

 Initialization time:   25.343 seconds

 Initialization time:   25.345 seconds

 Initialization time:   25.346 seconds

 Initialization time:   25.326 seconds

 Initialization time:   25.345 seconds

 Initialization time:   25.310 seconds

 Initialization time:   25.347 seconds

 Initialization time:   25.361 seconds

 Initialization time:   25.311 seconds

 Initialization time:   25.348 seconds

 Initialization time:   25.346 seconds

 Initialization time:   25.348 seconds

 Initialization time:   25.348 seconds

 Initialization time:   25.346 seconds

 Initialization time:   25.311 seconds

 Initialization time:   25.344 seconds

 Initialization time:   25.312 seconds

 Initialization time:   25.349 seconds

 Initialization time:   25.352 seconds

 Initialization time:   25.360 seconds

 Initialization time:   25.348 seconds


------------------------------------------------------------
Sender: LSF System <lsfadmin@tellico-compute0>
Subject: Job 19561: <mesh_> in cluster <tellico> Done

Job <mesh_> was submitted from host <tellico-master1> by user <leobardovalera> in cluster <tellico> at Thu Jun 25 13:40:09 2020
Job was executed on host(s) <tellico-compute0>, in queue <normal>, as user <leobardovalera> in cluster <tellico> at Thu Jun 25 13:40:09 2020
</home/leobardovalera> was used as the home directory.
</home/leobardovalera/experiments> was used as the working directory.
Started at Thu Jun 25 13:40:09 2020
Terminated at Thu Jun 25 15:37:25 2020
Results reported at Thu Jun 25 15:37:25 2020

Your job looked like:

------------------------------------------------------------
# LSBATCH: User input
#!/bin/bash
#BSUB -n 1
#BSUB -J mesh_
###BSUB -x
###BSUB -R "span[hosts=1]"
#BSUB -o /home/leobardovalera/experiments/mesh_%J.out
#BSUB -e /home/leobardovalera/experiments/mesh_%J.err
##BSUB -W 1:00

export OMP_NUM_THREADS=4
mpiexec -n 32 ~/fds/Build/mpi_gnu_linux_64/fds_mpi_gnu_linux_64 FDSPROG_2_[400,600]x[400,600]_PC_0_Rampa31_0_T_120.0_DT_0.01.fds
------------------------------------------------------------

Successfully completed.

Resource usage summary:

    CPU time :                                   431640.81 sec.
    Max Memory :                                 20167 MB
    Average Memory :                             13942.29 MB
    Total Requested Memory :                     -
    Delta Memory :                               -
    Max Swap :                                   -
    Max Processes :                              36
    Max Threads :                                201
    Run time :                                   7035 sec.
    Turnaround time :                            7036 sec.

The output (if any) is above this job summary.



PS:

Read file </home/leobardovalera/experiments/mesh_19561.err> for stderr output of this job.

