 Initialization time:   11.883 seconds

 Initialization time:   11.865 seconds

 Initialization time:   11.910 seconds

 Initialization time:   11.908 seconds

 Initialization time:   11.901 seconds

 Initialization time:   11.901 seconds

 Initialization time:   11.886 seconds

 Initialization time:   11.902 seconds

 Initialization time:   11.886 seconds

 Initialization time:   11.887 seconds

 Initialization time:   11.864 seconds

 Initialization time:   11.910 seconds

 Initialization time:   11.902 seconds

 Initialization time:   11.905 seconds

 Initialization time:   11.903 seconds

 Initialization time:   11.891 seconds

 Initialization time:   11.903 seconds

 Initialization time:   11.901 seconds

 Initialization time:   11.903 seconds

 Initialization time:   11.901 seconds

 Initialization time:   11.906 seconds

 Initialization time:   11.909 seconds

 Initialization time:   11.904 seconds

 Initialization time:   11.912 seconds

 Initialization time:   11.905 seconds

 Initialization time:   11.903 seconds

 Initialization time:   11.885 seconds

 Initialization time:   11.903 seconds

 Initialization time:   11.902 seconds

 Initialization time:   11.900 seconds

 Initialization time:   11.907 seconds


------------------------------------------------------------
Sender: LSF System <lsfadmin@tellico-compute1>
Subject: Job 19617: <mesh_> in cluster <tellico> Done

Job <mesh_> was submitted from host <tellico-master1> by user <leobardovalera> in cluster <tellico> at Thu Jun 25 23:31:37 2020
Job was executed on host(s) <tellico-compute1>, in queue <normal>, as user <leobardovalera> in cluster <tellico> at Thu Jun 25 23:31:37 2020
</home/leobardovalera> was used as the home directory.
</home/leobardovalera/experiments> was used as the working directory.
Started at Thu Jun 25 23:31:37 2020
Terminated at Fri Jun 26 03:55:22 2020
Results reported at Fri Jun 26 03:55:22 2020

Your job looked like:

------------------------------------------------------------
# LSBATCH: User input
#!/bin/bash
#BSUB -n 1
#BSUB -J mesh_
###BSUB -x
###BSUB -R "span[hosts=1]"
#BSUB -o /home/leobardovalera/experiments/mesh_%J.out
#BSUB -e /home/leobardovalera/experiments/mesh_%J.err
##BSUB -W 1:00

export OMP_NUM_THREADS=4
mpiexec -n 32 ~/fds/Build/mpi_gnu_linux_64/fds_mpi_gnu_linux_64 FDSPROG_4_[400,600]x[400,600]_PC_0_Rampa31_1_T_120.0_DT_0.001.fds
------------------------------------------------------------

Successfully completed.

Resource usage summary:

    CPU time :                                   1048832.38 sec.
    Max Memory :                                 117007 MB
    Average Memory :                             64827.71 MB
    Total Requested Memory :                     -
    Delta Memory :                               -
    Max Swap :                                   5569 MB
    Max Processes :                              36
    Max Threads :                                201
    Run time :                                   15824 sec.
    Turnaround time :                            15825 sec.

The output (if any) is above this job summary.



PS:

Read file </home/leobardovalera/experiments/mesh_19617.err> for stderr output of this job.

