 Initialization time:  110.906 seconds

 Initialization time:  110.912 seconds

 Initialization time:  110.906 seconds

 Initialization time:  110.912 seconds

 Initialization time:  110.908 seconds

 Initialization time:  110.913 seconds

 Initialization time:  110.909 seconds

 Initialization time:  110.913 seconds

 Initialization time:  110.908 seconds

 Initialization time:  110.914 seconds

 Initialization time:  110.873 seconds

 Initialization time:  110.915 seconds

 Initialization time:  110.910 seconds

 Initialization time:  110.873 seconds

 Initialization time:  110.909 seconds


------------------------------------------------------------
Sender: LSF System <lsfadmin@tellico-compute1>
Subject: Job 18945: <mesh_> in cluster <tellico> Done

Job <mesh_> was submitted from host <tellico-master1> by user <leobardovalera> in cluster <tellico> at Wed Jun 17 22:51:36 2020
Job was executed on host(s) <tellico-compute1>, in queue <normal>, as user <leobardovalera> in cluster <tellico> at Wed Jun 17 22:51:36 2020
</home/leobardovalera> was used as the home directory.
</home/leobardovalera/experiments> was used as the working directory.
Started at Wed Jun 17 22:51:36 2020
Terminated at Thu Jun 18 04:48:31 2020
Results reported at Thu Jun 18 04:48:31 2020

Your job looked like:

------------------------------------------------------------
# LSBATCH: User input
#!/bin/bash
#BSUB -n 1
#BSUB -J mesh_
###BSUB -x
###BSUB -R "span[hosts=1]"
#BSUB -o /home/leobardovalera/experiments/mesh_%J.out
#BSUB -e /home/leobardovalera/experiments/mesh_%J.err
##BSUB -W 1:00

export OMP_NUM_THREADS=4
mpiexec -n 16 ~/fds/Build/mpi_gnu_linux_64/fds_mpi_gnu_linux_64 FDSPROG_3m.fds

------------------------------------------------------------

Successfully completed.

Resource usage summary:

    CPU time :                                   636042.12 sec.
    Max Memory :                                 51400 MB
    Average Memory :                             50867.89 MB
    Total Requested Memory :                     -
    Delta Memory :                               -
    Max Swap :                                   2 MB
    Max Processes :                              20
    Max Threads :                                105
    Run time :                                   21414 sec.
    Turnaround time :                            21415 sec.

The output (if any) is above this job summary.



PS:

Read file </home/leobardovalera/experiments/mesh_18945.err> for stderr output of this job.

