 Initialization time:   11.861 seconds

 Initialization time:   11.866 seconds

 Initialization time:   11.861 seconds

 Initialization time:   11.867 seconds

 Initialization time:   11.823 seconds

 Initialization time:   11.867 seconds

 Initialization time:   11.861 seconds

 Initialization time:   11.868 seconds

 Initialization time:   11.861 seconds

 Initialization time:   11.869 seconds

 Initialization time:   11.860 seconds

 Initialization time:   11.866 seconds

 Initialization time:   11.855 seconds

 Initialization time:   11.857 seconds

 Initialization time:   11.850 seconds

 Initialization time:   11.853 seconds

 Initialization time:   11.854 seconds

 Initialization time:   11.844 seconds

 Initialization time:   11.826 seconds

 Initialization time:   11.832 seconds

 Initialization time:   11.832 seconds

 Initialization time:   11.829 seconds

 Initialization time:   11.823 seconds

 Initialization time:   11.823 seconds

 Initialization time:   11.817 seconds

 Initialization time:   11.815 seconds

 Initialization time:   11.807 seconds

 Initialization time:   11.808 seconds

 Initialization time:   11.803 seconds

 Initialization time:   11.805 seconds

 Initialization time:   11.799 seconds


------------------------------------------------------------
Sender: LSF System <lsfadmin@tellico-compute0>
Subject: Job 19601: <mesh_> in cluster <tellico> Done

Job <mesh_> was submitted from host <tellico-master1> by user <leobardovalera> in cluster <tellico> at Thu Jun 25 18:41:19 2020
Job was executed on host(s) <tellico-compute0>, in queue <normal>, as user <leobardovalera> in cluster <tellico> at Thu Jun 25 18:41:20 2020
</home/leobardovalera> was used as the home directory.
</home/leobardovalera/experiments> was used as the working directory.
Started at Thu Jun 25 18:41:20 2020
Terminated at Thu Jun 25 18:42:14 2020
Results reported at Thu Jun 25 18:42:14 2020

Your job looked like:

------------------------------------------------------------
# LSBATCH: User input
#!/bin/bash
#BSUB -n 1
#BSUB -J mesh_
###BSUB -x
###BSUB -R "span[hosts=1]"
#BSUB -o /home/leobardovalera/experiments/mesh_%J.out
#BSUB -e /home/leobardovalera/experiments/mesh_%J.err
##BSUB -W 1:00

export OMP_NUM_THREADS=4
mpiexec -n 32 ~/fds/Build/mpi_gnu_linux_64/fds_mpi_gnu_linux_64 FDSPROG_4_[400,600]x[400,600]_PC_0_Rampa31_0_T_120.0_DT_1.0.fds
------------------------------------------------------------

Successfully completed.

Resource usage summary:

    CPU time :                                   2775.71 sec.
    Max Memory :                                 2284 MB
    Average Memory :                             1808.50 MB
    Total Requested Memory :                     -
    Delta Memory :                               -
    Max Swap :                                   -
    Max Processes :                              36
    Max Threads :                                201
    Run time :                                   53 sec.
    Turnaround time :                            55 sec.

The output (if any) is above this job summary.



PS:

Read file </home/leobardovalera/experiments/mesh_19601.err> for stderr output of this job.

