 Initialization time:   84.934 seconds

 Initialization time:   84.929 seconds

 Initialization time:   84.934 seconds

 Initialization time:   84.929 seconds

 Initialization time:   84.934 seconds

 Initialization time:   84.946 seconds

 Initialization time:   84.951 seconds

 Initialization time:   84.942 seconds

 Initialization time:   84.947 seconds

 Initialization time:   84.939 seconds

 Initialization time:   84.943 seconds

 Initialization time:   84.934 seconds

 Initialization time:   84.941 seconds

 Initialization time:   84.934 seconds

 Initialization time:   84.937 seconds

 Initialization time:   84.924 seconds

 Initialization time:   84.923 seconds

 Initialization time:   84.931 seconds

 Initialization time:   84.922 seconds

 Initialization time:   84.921 seconds

 Initialization time:   84.918 seconds

 Initialization time:   84.919 seconds

 Initialization time:   84.917 seconds

 Initialization time:   84.909 seconds

 Initialization time:   84.915 seconds

 Initialization time:   84.906 seconds

 Initialization time:   84.909 seconds

 Initialization time:   84.903 seconds

 Initialization time:   84.903 seconds

 Initialization time:   84.898 seconds

 Initialization time:   84.900 seconds


------------------------------------------------------------
Sender: LSF System <lsfadmin@tellico-compute0>
Subject: Job 19423: <mesh_> in cluster <tellico> Done

Job <mesh_> was submitted from host <tellico-master1> by user <leobardovalera> in cluster <tellico> at Wed Jun 24 10:03:48 2020
Job was executed on host(s) <tellico-compute0>, in queue <normal>, as user <leobardovalera> in cluster <tellico> at Wed Jun 24 10:03:49 2020
</home/leobardovalera> was used as the home directory.
</home/leobardovalera/experiments> was used as the working directory.
Started at Wed Jun 24 10:03:49 2020
Terminated at Thu Jun 25 05:10:39 2020
Results reported at Thu Jun 25 05:10:39 2020

Your job looked like:

------------------------------------------------------------
# LSBATCH: User input
#!/bin/bash
#BSUB -n 1
#BSUB -J mesh_
###BSUB -x
###BSUB -R "span[hosts=1]"
#BSUB -o /home/leobardovalera/experiments/mesh_%J.out
#BSUB -e /home/leobardovalera/experiments/mesh_%J.err
##BSUB -W 1:00

export OMP_NUM_THREADS=4
mpiexec -n 32 ~/fds/Build/mpi_gnu_linux_64/fds_mpi_gnu_linux_64 FDSPROG_1_[400,600]x[400,600]_PC_0_Rampa31_1_T_120.0_DT_0.01.fds
------------------------------------------------------------

Successfully completed.

Resource usage summary:

    CPU time :                                   3675065.25 sec.
    Max Memory :                                 60149 MB
    Average Memory :                             47529.14 MB
    Total Requested Memory :                     -
    Delta Memory :                               -
    Max Swap :                                   -
    Max Processes :                              36
    Max Threads :                                201
    Run time :                                   68809 sec.
    Turnaround time :                            68811 sec.

The output (if any) is above this job summary.



PS:

Read file </home/leobardovalera/experiments/mesh_19423.err> for stderr output of this job.

