 Initialization time:   11.612 seconds

 Initialization time:   11.615 seconds

 Initialization time:   11.613 seconds

 Initialization time:   11.618 seconds

 Initialization time:   11.611 seconds

 Initialization time:   11.611 seconds

 Initialization time:   11.606 seconds

 Initialization time:   11.608 seconds

 Initialization time:   11.600 seconds

 Initialization time:   11.599 seconds

 Initialization time:   11.596 seconds

 Initialization time:   11.596 seconds

 Initialization time:   11.591 seconds

 Initialization time:   11.591 seconds

 Initialization time:   11.587 seconds

 Initialization time:   11.586 seconds

 Initialization time:   11.589 seconds

 Initialization time:   11.589 seconds

 Initialization time:   11.582 seconds

 Initialization time:   11.583 seconds

 Initialization time:   11.577 seconds

 Initialization time:   11.574 seconds

 Initialization time:   11.569 seconds

 Initialization time:   11.566 seconds

 Initialization time:   11.570 seconds

 Initialization time:   11.564 seconds

 Initialization time:   11.561 seconds

 Initialization time:   11.564 seconds

 Initialization time:   11.553 seconds

 Initialization time:   11.556 seconds

 Initialization time:   11.546 seconds


------------------------------------------------------------
Sender: LSF System <lsfadmin@tellico-compute0>
Subject: Job 19586: <mesh_> in cluster <tellico> Done

Job <mesh_> was submitted from host <tellico-master1> by user <leobardovalera> in cluster <tellico> at Thu Jun 25 17:36:08 2020
Job was executed on host(s) <tellico-compute0>, in queue <normal>, as user <leobardovalera> in cluster <tellico> at Thu Jun 25 17:37:29 2020
</home/leobardovalera> was used as the home directory.
</home/leobardovalera/experiments> was used as the working directory.
Started at Thu Jun 25 17:37:29 2020
Terminated at Thu Jun 25 18:15:29 2020
Results reported at Thu Jun 25 18:15:29 2020

Your job looked like:

------------------------------------------------------------
# LSBATCH: User input
#!/bin/bash
#BSUB -n 1
#BSUB -J mesh_
###BSUB -x
###BSUB -R "span[hosts=1]"
#BSUB -o /home/leobardovalera/experiments/mesh_%J.out
#BSUB -e /home/leobardovalera/experiments/mesh_%J.err
##BSUB -W 1:00

export OMP_NUM_THREADS=4
mpiexec -n 32 ~/fds/Build/mpi_gnu_linux_64/fds_mpi_gnu_linux_64 FDSPROG_4_[400,600]x[400,600]_PC_0_Rampa31_0_T_120.0_DT_0.005.fds

------------------------------------------------------------

Successfully completed.

Resource usage summary:

    CPU time :                                   156347.97 sec.
    Max Memory :                                 17693 MB
    Average Memory :                             10157.97 MB
    Total Requested Memory :                     -
    Delta Memory :                               -
    Max Swap :                                   -
    Max Processes :                              36
    Max Threads :                                201
    Run time :                                   2279 sec.
    Turnaround time :                            2361 sec.

The output (if any) is above this job summary.



PS:

Read file </home/leobardovalera/experiments/mesh_19586.err> for stderr output of this job.

