 Initialization time:   83.334 seconds

 Initialization time:   83.334 seconds

 Initialization time:   83.328 seconds

 Initialization time:   83.332 seconds

 Initialization time:   83.328 seconds

 Initialization time:   83.343 seconds

 Initialization time:   83.327 seconds

 Initialization time:   83.329 seconds

 Initialization time:   83.329 seconds

 Initialization time:   83.333 seconds

 Initialization time:   83.328 seconds

 Initialization time:   83.339 seconds

 Initialization time:   83.341 seconds

 Initialization time:   83.334 seconds

 Initialization time:   83.334 seconds

 Initialization time:   83.330 seconds

 Initialization time:   83.313 seconds

 Initialization time:   83.329 seconds

 Initialization time:   83.301 seconds

 Initialization time:   83.330 seconds

 Initialization time:   83.347 seconds

 Initialization time:   83.330 seconds

 Initialization time:   83.337 seconds

 Initialization time:   83.302 seconds

 Initialization time:   83.314 seconds

 Initialization time:   83.333 seconds

 Initialization time:   83.334 seconds

 Initialization time:   83.335 seconds

 Initialization time:   83.332 seconds

 Initialization time:   83.333 seconds

 Initialization time:   83.347 seconds


------------------------------------------------------------
Sender: LSF System <lsfadmin@tellico-compute0>
Subject: Job 19416: <mesh_> in cluster <tellico> Done

Job <mesh_> was submitted from host <tellico-master1> by user <leobardovalera> in cluster <tellico> at Wed Jun 24 00:01:18 2020
Job was executed on host(s) <tellico-compute0>, in queue <normal>, as user <leobardovalera> in cluster <tellico> at Wed Jun 24 00:01:18 2020
</home/leobardovalera> was used as the home directory.
</home/leobardovalera/experiments> was used as the working directory.
Started at Wed Jun 24 00:01:18 2020
Terminated at Wed Jun 24 04:39:07 2020
Results reported at Wed Jun 24 04:39:07 2020

Your job looked like:

------------------------------------------------------------
# LSBATCH: User input
#!/bin/bash
#BSUB -n 1
#BSUB -J mesh_
###BSUB -x
###BSUB -R "span[hosts=1]"
#BSUB -o /home/leobardovalera/experiments/mesh_%J.out
#BSUB -e /home/leobardovalera/experiments/mesh_%J.err
##BSUB -W 1:00

export OMP_NUM_THREADS=4
mpiexec -n 32 ~/fds/Build/mpi_gnu_linux_64/fds_mpi_gnu_linux_64 FDSPROG_1_[400,600]x[400,600]_PC_0_Rampa31_1_T_120.0_DT_0.05.fds
------------------------------------------------------------

Successfully completed.

Resource usage summary:

    CPU time :                                   854278.25 sec.
    Max Memory :                                 41474 MB
    Average Memory :                             38124.25 MB
    Total Requested Memory :                     -
    Delta Memory :                               -
    Max Swap :                                   3 MB
    Max Processes :                              36
    Max Threads :                                201
    Run time :                                   16669 sec.
    Turnaround time :                            16669 sec.

The output (if any) is above this job summary.



PS:

Read file </home/leobardovalera/experiments/mesh_19416.err> for stderr output of this job.

