 Initialization time:  110.923 seconds

 Initialization time:  110.916 seconds

 Initialization time:  110.882 seconds

 Initialization time:  110.916 seconds

 Initialization time:  110.924 seconds

 Initialization time:  110.917 seconds

 Initialization time:  110.921 seconds

 Initialization time:  110.917 seconds

 Initialization time:  110.921 seconds

 Initialization time:  110.918 seconds

 Initialization time:  110.922 seconds

 Initialization time:  110.883 seconds

 Initialization time:  110.922 seconds

 Initialization time:  110.918 seconds

 Initialization time:  110.925 seconds


------------------------------------------------------------
Sender: LSF System <lsfadmin@tellico-compute0>
Subject: Job 18933: <mesh_> in cluster <tellico> Done

Job <mesh_> was submitted from host <tellico-master1> by user <leobardovalera> in cluster <tellico> at Wed Jun 17 15:15:53 2020
Job was executed on host(s) <tellico-compute0>, in queue <normal>, as user <leobardovalera> in cluster <tellico> at Wed Jun 17 15:15:53 2020
</home/leobardovalera> was used as the home directory.
</home/leobardovalera/experiments> was used as the working directory.
Started at Wed Jun 17 15:15:53 2020
Terminated at Wed Jun 17 21:17:10 2020
Results reported at Wed Jun 17 21:17:10 2020

Your job looked like:

------------------------------------------------------------
# LSBATCH: User input
#!/bin/bash
#BSUB -n 1
#BSUB -J mesh_
###BSUB -x
###BSUB -R "span[hosts=1]"
#BSUB -o /home/leobardovalera/experiments/mesh_%J.out
#BSUB -e /home/leobardovalera/experiments/mesh_%J.err
##BSUB -W 1:00

export OMP_NUM_THREADS=4
mpiexec -n 16 ~/fds/Build/mpi_gnu_linux_64/fds_mpi_gnu_linux_64 FDSPROG_3m.fds

------------------------------------------------------------

Successfully completed.

Resource usage summary:

    CPU time :                                   642662.38 sec.
    Max Memory :                                 51451 MB
    Average Memory :                             50857.32 MB
    Total Requested Memory :                     -
    Delta Memory :                               -
    Max Swap :                                   6 MB
    Max Processes :                              20
    Max Threads :                                105
    Run time :                                   21676 sec.
    Turnaround time :                            21677 sec.

The output (if any) is above this job summary.



PS:

Read file </home/leobardovalera/experiments/mesh_18933.err> for stderr output of this job.

